0 info it worked if it ends with ok
1 verbose cli [ 'D:\\sourcery\\PresentConnectionTask\\EmployersSalary\\packages\\Npm.js.2.13.1.0\\tools\\..\\..\\Node.js.0.12.7\\node.exe',
1 verbose cli   'D:\\sourcery\\PresentConnectionTask\\EmployersSalary\\packages\\Npm.js.2.13.1.0\\tools\\node_modules\\npm\\bin\\npm-cli.js',
1 verbose cli   'install' ]
2 info using npm@2.13.1
3 info using node@v0.12.7
4 verbose readDependencies loading dependencies from D:\sourcery\PresentConnectionTask\EmployersSalary\EmployersSalary\package.json
5 error install Couldn't read dependencies
6 verbose stack Error: ENOENT, open 'D:\sourcery\PresentConnectionTask\EmployersSalary\EmployersSalary\package.json'
6 verbose stack     at Error (native)
7 verbose cwd D:\sourcery\PresentConnectionTask\EmployersSalary\EmployersSalary
8 error Windows_NT 6.3.9600
9 error argv "D:\\sourcery\\PresentConnectionTask\\EmployersSalary\\packages\\Npm.js.2.13.1.0\\tools\\..\\..\\Node.js.0.12.7\\node.exe" "D:\\sourcery\\PresentConnectionTask\\EmployersSalary\\packages\\Npm.js.2.13.1.0\\tools\\node_modules\\npm\\bin\\npm-cli.js" "install"
10 error node v0.12.7
11 error npm  v2.13.1
12 error path D:\sourcery\PresentConnectionTask\EmployersSalary\EmployersSalary\package.json
13 error code ENOPACKAGEJSON
14 error errno -4058
15 error package.json ENOENT, open 'D:\sourcery\PresentConnectionTask\EmployersSalary\EmployersSalary\package.json'
15 error package.json This is most likely not a problem with npm itself.
15 error package.json npm can't find a package.json file in your current directory.
16 verbose exit [ -4058, true ]
